{"D:\\git repo\\task5\\js\\additional.js": {"path":"D:\\git repo\\task5\\js\\additional.js","statementMap":{"0":{"start":{"line":1,"column":25},"end":{"line":1,"column":55}},"1":{"start":{"line":7,"column":31},"end":{"line":31,"column":1}},"2":{"start":{"line":8,"column":4},"end":{"line":29,"column":7}},"3":{"start":{"line":9,"column":8},"end":{"line":26,"column":9}},"4":{"start":{"line":10,"column":12},"end":{"line":24,"column":13}},"5":{"start":{"line":11,"column":16},"end":{"line":20,"column":18}},"6":{"start":{"line":21,"column":16},"end":{"line":23,"column":18}},"7":{"start":{"line":25,"column":12},"end":{"line":25,"column":26}},"8":{"start":{"line":28,"column":8},"end":{"line":28,"column":45}},"9":{"start":{"line":33,"column":20},"end":{"line":82,"column":1}},"10":{"start":{"line":34,"column":18},"end":{"line":34,"column":64}},"11":{"start":{"line":35,"column":17},"end":{"line":35,"column":63}},"12":{"start":{"line":36,"column":29},"end":{"line":36,"column":77}},"13":{"start":{"line":37,"column":24},"end":{"line":37,"column":25}},"14":{"start":{"line":38,"column":4},"end":{"line":43,"column":5}},"15":{"start":{"line":38,"column":17},"end":{"line":38,"column":18}},"16":{"start":{"line":39,"column":8},"end":{"line":42,"column":11}},"17":{"start":{"line":40,"column":12},"end":{"line":40,"column":30}},"18":{"start":{"line":41,"column":12},"end":{"line":41,"column":27}},"19":{"start":{"line":44,"column":4},"end":{"line":44,"column":23}},"20":{"start":{"line":47,"column":8},"end":{"line":58,"column":9}},"21":{"start":{"line":47,"column":21},"end":{"line":47,"column":22}},"22":{"start":{"line":48,"column":12},"end":{"line":52,"column":13}},"23":{"start":{"line":49,"column":16},"end":{"line":49,"column":60}},"24":{"start":{"line":50,"column":16},"end":{"line":50,"column":49}},"25":{"start":{"line":51,"column":16},"end":{"line":51,"column":58}},"26":{"start":{"line":53,"column":12},"end":{"line":57,"column":13}},"27":{"start":{"line":54,"column":16},"end":{"line":54,"column":57}},"28":{"start":{"line":55,"column":16},"end":{"line":55,"column":50}},"29":{"start":{"line":56,"column":16},"end":{"line":56,"column":55}},"30":{"start":{"line":62,"column":8},"end":{"line":72,"column":9}},"31":{"start":{"line":63,"column":12},"end":{"line":63,"column":44}},"32":{"start":{"line":65,"column":13},"end":{"line":72,"column":9}},"33":{"start":{"line":66,"column":12},"end":{"line":66,"column":30}},"34":{"start":{"line":68,"column":13},"end":{"line":72,"column":9}},"35":{"start":{"line":69,"column":12},"end":{"line":69,"column":28}},"36":{"start":{"line":71,"column":12},"end":{"line":71,"column":28}},"37":{"start":{"line":73,"column":8},"end":{"line":73,"column":35}},"38":{"start":{"line":76,"column":4},"end":{"line":78,"column":7}},"39":{"start":{"line":77,"column":8},"end":{"line":77,"column":31}},"40":{"start":{"line":79,"column":4},"end":{"line":81,"column":7}},"41":{"start":{"line":80,"column":8},"end":{"line":80,"column":32}},"42":{"start":{"line":86,"column":30},"end":{"line":122,"column":1}},"43":{"start":{"line":87,"column":4},"end":{"line":121,"column":7}},"44":{"start":{"line":88,"column":8},"end":{"line":118,"column":9}},"45":{"start":{"line":89,"column":12},"end":{"line":117,"column":13}},"46":{"start":{"line":90,"column":16},"end":{"line":116,"column":18}},"47":{"start":{"line":120,"column":8},"end":{"line":120,"column":45}},"48":{"start":{"line":124,"column":25},"end":{"line":164,"column":1}},"49":{"start":{"line":125,"column":15},"end":{"line":125,"column":24}},"50":{"start":{"line":126,"column":13},"end":{"line":126,"column":30}},"51":{"start":{"line":127,"column":19},"end":{"line":127,"column":24}},"52":{"start":{"line":128,"column":4},"end":{"line":163,"column":7}},"53":{"start":{"line":129,"column":8},"end":{"line":157,"column":9}},"54":{"start":{"line":130,"column":12},"end":{"line":156,"column":13}},"55":{"start":{"line":131,"column":16},"end":{"line":155,"column":17}},"56":{"start":{"line":132,"column":20},"end":{"line":132,"column":36}},"57":{"start":{"line":133,"column":20},"end":{"line":154,"column":22}},"58":{"start":{"line":158,"column":8},"end":{"line":160,"column":9}},"59":{"start":{"line":159,"column":12},"end":{"line":159,"column":47}},"60":{"start":{"line":162,"column":8},"end":{"line":162,"column":45}},"61":{"start":{"line":168,"column":24},"end":{"line":251,"column":1}},"62":{"start":{"line":169,"column":4},"end":{"line":245,"column":11}},"63":{"start":{"line":170,"column":8},"end":{"line":181,"column":9}},"64":{"start":{"line":171,"column":12},"end":{"line":180,"column":13}},"65":{"start":{"line":172,"column":16},"end":{"line":179,"column":18}},"66":{"start":{"line":182,"column":8},"end":{"line":241,"column":15}},"67":{"start":{"line":183,"column":12},"end":{"line":237,"column":13}},"68":{"start":{"line":184,"column":16},"end":{"line":236,"column":17}},"69":{"start":{"line":185,"column":30},"end":{"line":185,"column":100}},"70":{"start":{"line":186,"column":20},"end":{"line":222,"column":22}},"71":{"start":{"line":223,"column":29},"end":{"line":223,"column":71}},"72":{"start":{"line":224,"column":32},"end":{"line":224,"column":62}},"73":{"start":{"line":225,"column":30},"end":{"line":225,"column":32}},"74":{"start":{"line":226,"column":20},"end":{"line":235,"column":23}},"75":{"start":{"line":227,"column":24},"end":{"line":231,"column":25}},"76":{"start":{"line":228,"column":28},"end":{"line":230,"column":29}},"77":{"start":{"line":229,"column":32},"end":{"line":229,"column":70}},"78":{"start":{"line":232,"column":24},"end":{"line":232,"column":93}},"79":{"start":{"line":234,"column":24},"end":{"line":234,"column":61}},"80":{"start":{"line":240,"column":16},"end":{"line":240,"column":53}},"81":{"start":{"line":244,"column":12},"end":{"line":244,"column":49}},"82":{"start":{"line":246,"column":4},"end":{"line":250,"column":6}},"83":{"start":{"line":247,"column":8},"end":{"line":249,"column":9}},"84":{"start":{"line":248,"column":12},"end":{"line":248,"column":55}},"85":{"start":{"line":255,"column":24},"end":{"line":331,"column":1}},"86":{"start":{"line":256,"column":15},"end":{"line":256,"column":24}},"87":{"start":{"line":257,"column":19},"end":{"line":257,"column":36}},"88":{"start":{"line":258,"column":15},"end":{"line":258,"column":32}},"89":{"start":{"line":259,"column":19},"end":{"line":259,"column":24}},"90":{"start":{"line":261,"column":4},"end":{"line":325,"column":7}},"91":{"start":{"line":262,"column":8},"end":{"line":300,"column":9}},"92":{"start":{"line":263,"column":12},"end":{"line":296,"column":13}},"93":{"start":{"line":264,"column":16},"end":{"line":295,"column":17}},"94":{"start":{"line":265,"column":20},"end":{"line":265,"column":36}},"95":{"start":{"line":266,"column":20},"end":{"line":268,"column":22}},"96":{"start":{"line":269,"column":20},"end":{"line":271,"column":22}},"97":{"start":{"line":272,"column":20},"end":{"line":276,"column":22}},"98":{"start":{"line":277,"column":43},"end":{"line":277,"column":65}},"99":{"start":{"line":278,"column":20},"end":{"line":293,"column":23}},"100":{"start":{"line":279,"column":24},"end":{"line":292,"column":25}},"101":{"start":{"line":280,"column":28},"end":{"line":291,"column":29}},"102":{"start":{"line":281,"column":32},"end":{"line":290,"column":34}},"103":{"start":{"line":294,"column":20},"end":{"line":294,"column":56}},"104":{"start":{"line":297,"column":12},"end":{"line":299,"column":13}},"105":{"start":{"line":298,"column":16},"end":{"line":298,"column":51}},"106":{"start":{"line":301,"column":8},"end":{"line":322,"column":11}},"107":{"start":{"line":302,"column":12},"end":{"line":319,"column":13}},"108":{"start":{"line":303,"column":16},"end":{"line":318,"column":17}},"109":{"start":{"line":304,"column":20},"end":{"line":317,"column":21}},"110":{"start":{"line":305,"column":24},"end":{"line":316,"column":26}},"111":{"start":{"line":321,"column":12},"end":{"line":321,"column":49}},"112":{"start":{"line":324,"column":8},"end":{"line":324,"column":45}},"113":{"start":{"line":326,"column":4},"end":{"line":330,"column":6}},"114":{"start":{"line":327,"column":8},"end":{"line":329,"column":9}},"115":{"start":{"line":328,"column":12},"end":{"line":328,"column":55}},"116":{"start":{"line":335,"column":30},"end":{"line":389,"column":1}},"117":{"start":{"line":336,"column":15},"end":{"line":336,"column":55}},"118":{"start":{"line":337,"column":4},"end":{"line":388,"column":5}},"119":{"start":{"line":338,"column":8},"end":{"line":370,"column":11}},"120":{"start":{"line":339,"column":12},"end":{"line":369,"column":13}},"121":{"start":{"line":340,"column":16},"end":{"line":368,"column":19}},"122":{"start":{"line":341,"column":20},"end":{"line":367,"column":21}},"123":{"start":{"line":342,"column":34},"end":{"line":342,"column":104}},"124":{"start":{"line":343,"column":24},"end":{"line":366,"column":26}},"125":{"start":{"line":371,"column":8},"end":{"line":378,"column":10}},"126":{"start":{"line":379,"column":8},"end":{"line":386,"column":11}},"127":{"start":{"line":380,"column":12},"end":{"line":385,"column":13}},"128":{"start":{"line":381,"column":27},"end":{"line":381,"column":36}},"129":{"start":{"line":382,"column":16},"end":{"line":382,"column":116}},"130":{"start":{"line":382,"column":45},"end":{"line":382,"column":58}},"131":{"start":{"line":382,"column":75},"end":{"line":382,"column":114}},"132":{"start":{"line":384,"column":16},"end":{"line":384,"column":45}},"133":{"start":{"line":387,"column":8},"end":{"line":387,"column":26}},"134":{"start":{"line":391,"column":16},"end":{"line":409,"column":1}},"135":{"start":{"line":392,"column":15},"end":{"line":392,"column":52}},"136":{"start":{"line":393,"column":16},"end":{"line":393,"column":54}},"137":{"start":{"line":394,"column":15},"end":{"line":394,"column":52}},"138":{"start":{"line":395,"column":15},"end":{"line":395,"column":52}},"139":{"start":{"line":396,"column":15},"end":{"line":396,"column":52}},"140":{"start":{"line":397,"column":18},"end":{"line":397,"column":58}},"141":{"start":{"line":398,"column":20},"end":{"line":398,"column":67}},"142":{"start":{"line":399,"column":4},"end":{"line":408,"column":6}},"143":{"start":{"line":411,"column":16},"end":{"line":432,"column":1}},"144":{"start":{"line":412,"column":15},"end":{"line":412,"column":24}},"145":{"start":{"line":413,"column":4},"end":{"line":415,"column":5}},"146":{"start":{"line":414,"column":8},"end":{"line":414,"column":20}},"147":{"start":{"line":416,"column":4},"end":{"line":418,"column":5}},"148":{"start":{"line":417,"column":8},"end":{"line":417,"column":20}},"149":{"start":{"line":419,"column":4},"end":{"line":421,"column":5}},"150":{"start":{"line":420,"column":8},"end":{"line":420,"column":20}},"151":{"start":{"line":422,"column":4},"end":{"line":424,"column":5}},"152":{"start":{"line":423,"column":8},"end":{"line":423,"column":20}},"153":{"start":{"line":425,"column":4},"end":{"line":427,"column":5}},"154":{"start":{"line":426,"column":8},"end":{"line":426,"column":20}},"155":{"start":{"line":428,"column":4},"end":{"line":430,"column":5}},"156":{"start":{"line":429,"column":8},"end":{"line":429,"column":20}},"157":{"start":{"line":431,"column":4},"end":{"line":431,"column":17}},"158":{"start":{"line":434,"column":16},"end":{"line":487,"column":1}},"159":{"start":{"line":435,"column":4},"end":{"line":451,"column":6}},"160":{"start":{"line":452,"column":15},"end":{"line":452,"column":55}},"161":{"start":{"line":453,"column":4},"end":{"line":486,"column":5}},"162":{"start":{"line":454,"column":8},"end":{"line":485,"column":11}},"163":{"start":{"line":455,"column":12},"end":{"line":484,"column":13}},"164":{"start":{"line":456,"column":16},"end":{"line":483,"column":19}},"165":{"start":{"line":457,"column":20},"end":{"line":482,"column":21}},"166":{"start":{"line":458,"column":34},"end":{"line":458,"column":104}},"167":{"start":{"line":459,"column":24},"end":{"line":481,"column":26}},"168":{"start":{"line":490,"column":20},"end":{"line":490,"column":21}},"169":{"start":{"line":491,"column":4},"end":{"line":500,"column":7}},"170":{"start":{"line":492,"column":8},"end":{"line":498,"column":9}},"171":{"start":{"line":493,"column":12},"end":{"line":497,"column":15}},"172":{"start":{"line":494,"column":16},"end":{"line":496,"column":17}},"173":{"start":{"line":495,"column":20},"end":{"line":495,"column":79}},"174":{"start":{"line":499,"column":8},"end":{"line":499,"column":79}},"175":{"start":{"line":506,"column":29},"end":{"line":566,"column":1}},"176":{"start":{"line":507,"column":15},"end":{"line":507,"column":55}},"177":{"start":{"line":508,"column":4},"end":{"line":555,"column":5}},"178":{"start":{"line":509,"column":8},"end":{"line":543,"column":11}},"179":{"start":{"line":510,"column":12},"end":{"line":542,"column":13}},"180":{"start":{"line":511,"column":16},"end":{"line":541,"column":19}},"181":{"start":{"line":512,"column":20},"end":{"line":540,"column":21}},"182":{"start":{"line":513,"column":34},"end":{"line":513,"column":104}},"183":{"start":{"line":514,"column":24},"end":{"line":539,"column":26}},"184":{"start":{"line":544,"column":8},"end":{"line":553,"column":10}},"185":{"start":{"line":554,"column":8},"end":{"line":554,"column":26}},"186":{"start":{"line":556,"column":4},"end":{"line":565,"column":6}},"187":{"start":{"line":557,"column":8},"end":{"line":560,"column":9}},"188":{"start":{"line":558,"column":12},"end":{"line":558,"column":58}},"189":{"start":{"line":559,"column":12},"end":{"line":559,"column":30}},"190":{"start":{"line":561,"column":8},"end":{"line":564,"column":9}},"191":{"start":{"line":562,"column":12},"end":{"line":562,"column":59}},"192":{"start":{"line":563,"column":12},"end":{"line":563,"column":30}},"193":{"start":{"line":569,"column":11},"end":{"line":571,"column":1}},"194":{"start":{"line":574,"column":4},"end":{"line":574,"column":18}},"195":{"start":{"line":578,"column":4},"end":{"line":578,"column":16}},"196":{"start":{"line":581,"column":0},"end":{"line":588,"column":1}},"197":{"start":{"line":582,"column":21},"end":{"line":582,"column":61}},"198":{"start":{"line":583,"column":4},"end":{"line":587,"column":5}},"199":{"start":{"line":584,"column":8},"end":{"line":586,"column":11}},"200":{"start":{"line":585,"column":12},"end":{"line":585,"column":31}},"201":{"start":{"line":591,"column":24},"end":{"line":591,"column":29}},"202":{"start":{"line":592,"column":4},"end":{"line":597,"column":7}},"203":{"start":{"line":593,"column":8},"end":{"line":596,"column":9}},"204":{"start":{"line":594,"column":12},"end":{"line":594,"column":33}},"205":{"start":{"line":595,"column":12},"end":{"line":595,"column":31}},"206":{"start":{"line":598,"column":4},"end":{"line":600,"column":5}},"207":{"start":{"line":599,"column":8},"end":{"line":599,"column":43}},"208":{"start":{"line":601,"column":4},"end":{"line":601,"column":55}},"209":{"start":{"line":605,"column":4},"end":{"line":611,"column":7}},"210":{"start":{"line":606,"column":8},"end":{"line":610,"column":9}},"211":{"start":{"line":607,"column":12},"end":{"line":607,"column":31}},"212":{"start":{"line":608,"column":12},"end":{"line":608,"column":63}},"213":{"start":{"line":609,"column":12},"end":{"line":609,"column":80}},"214":{"start":{"line":615,"column":4},"end":{"line":626,"column":7}},"215":{"start":{"line":616,"column":8},"end":{"line":625,"column":9}},"216":{"start":{"line":617,"column":12},"end":{"line":617,"column":31}},"217":{"start":{"line":618,"column":12},"end":{"line":620,"column":13}},"218":{"start":{"line":619,"column":16},"end":{"line":619,"column":42}},"219":{"start":{"line":621,"column":12},"end":{"line":621,"column":63}},"220":{"start":{"line":622,"column":12},"end":{"line":622,"column":75}},"221":{"start":{"line":623,"column":12},"end":{"line":623,"column":65}},"222":{"start":{"line":624,"column":12},"end":{"line":624,"column":28}},"223":{"start":{"line":630,"column":20},"end":{"line":630,"column":22}},"224":{"start":{"line":631,"column":4},"end":{"line":635,"column":7}},"225":{"start":{"line":632,"column":8},"end":{"line":634,"column":9}},"226":{"start":{"line":633,"column":12},"end":{"line":633,"column":36}},"227":{"start":{"line":636,"column":4},"end":{"line":636,"column":21}}},"fnMap":{"0":{"name":"(anonymous_0)","decl":{"start":{"line":7,"column":31},"end":{"line":7,"column":32}},"loc":{"start":{"line":7,"column":48},"end":{"line":31,"column":1}},"line":7},"1":{"name":"(anonymous_1)","decl":{"start":{"line":8,"column":24},"end":{"line":8,"column":25}},"loc":{"start":{"line":8,"column":44},"end":{"line":27,"column":5}},"line":8},"2":{"name":"(anonymous_2)","decl":{"start":{"line":27,"column":13},"end":{"line":27,"column":14}},"loc":{"start":{"line":27,"column":29},"end":{"line":29,"column":5}},"line":27},"3":{"name":"(anonymous_3)","decl":{"start":{"line":33,"column":20},"end":{"line":33,"column":21}},"loc":{"start":{"line":33,"column":26},"end":{"line":82,"column":1}},"line":33},"4":{"name":"(anonymous_4)","decl":{"start":{"line":39,"column":45},"end":{"line":39,"column":46}},"loc":{"start":{"line":39,"column":51},"end":{"line":42,"column":9}},"line":39},"5":{"name":"changeSlide","decl":{"start":{"line":46,"column":13},"end":{"line":46,"column":24}},"loc":{"start":{"line":46,"column":28},"end":{"line":59,"column":5}},"line":46},"6":{"name":"changePosition","decl":{"start":{"line":61,"column":13},"end":{"line":61,"column":27}},"loc":{"start":{"line":61,"column":38},"end":{"line":74,"column":5}},"line":61},"7":{"name":"(anonymous_7)","decl":{"start":{"line":76,"column":52},"end":{"line":76,"column":53}},"loc":{"start":{"line":76,"column":58},"end":{"line":78,"column":5}},"line":76},"8":{"name":"(anonymous_8)","decl":{"start":{"line":79,"column":52},"end":{"line":79,"column":53}},"loc":{"start":{"line":79,"column":58},"end":{"line":81,"column":5}},"line":79},"9":{"name":"(anonymous_9)","decl":{"start":{"line":86,"column":30},"end":{"line":86,"column":31}},"loc":{"start":{"line":86,"column":47},"end":{"line":122,"column":1}},"line":86},"10":{"name":"(anonymous_10)","decl":{"start":{"line":87,"column":23},"end":{"line":87,"column":24}},"loc":{"start":{"line":87,"column":42},"end":{"line":119,"column":5}},"line":87},"11":{"name":"(anonymous_11)","decl":{"start":{"line":119,"column":13},"end":{"line":119,"column":14}},"loc":{"start":{"line":119,"column":29},"end":{"line":121,"column":5}},"line":119},"12":{"name":"(anonymous_12)","decl":{"start":{"line":124,"column":25},"end":{"line":124,"column":26}},"loc":{"start":{"line":124,"column":48},"end":{"line":164,"column":1}},"line":124},"13":{"name":"(anonymous_13)","decl":{"start":{"line":128,"column":23},"end":{"line":128,"column":24}},"loc":{"start":{"line":128,"column":42},"end":{"line":161,"column":5}},"line":128},"14":{"name":"(anonymous_14)","decl":{"start":{"line":161,"column":13},"end":{"line":161,"column":14}},"loc":{"start":{"line":161,"column":29},"end":{"line":163,"column":5}},"line":161},"15":{"name":"(anonymous_15)","decl":{"start":{"line":168,"column":24},"end":{"line":168,"column":25}},"loc":{"start":{"line":168,"column":41},"end":{"line":251,"column":1}},"line":168},"16":{"name":"(anonymous_16)","decl":{"start":{"line":169,"column":26},"end":{"line":169,"column":27}},"loc":{"start":{"line":169,"column":40},"end":{"line":242,"column":5}},"line":169},"17":{"name":"(anonymous_17)","decl":{"start":{"line":182,"column":27},"end":{"line":182,"column":28}},"loc":{"start":{"line":182,"column":46},"end":{"line":238,"column":9}},"line":182},"18":{"name":"(anonymous_18)","decl":{"start":{"line":226,"column":45},"end":{"line":226,"column":46}},"loc":{"start":{"line":226,"column":60},"end":{"line":233,"column":21}},"line":226},"19":{"name":"(anonymous_19)","decl":{"start":{"line":233,"column":29},"end":{"line":233,"column":30}},"loc":{"start":{"line":233,"column":45},"end":{"line":235,"column":21}},"line":233},"20":{"name":"(anonymous_20)","decl":{"start":{"line":239,"column":19},"end":{"line":239,"column":20}},"loc":{"start":{"line":239,"column":35},"end":{"line":241,"column":13}},"line":239},"21":{"name":"(anonymous_21)","decl":{"start":{"line":243,"column":15},"end":{"line":243,"column":16}},"loc":{"start":{"line":243,"column":31},"end":{"line":245,"column":9}},"line":243},"22":{"name":"(anonymous_22)","decl":{"start":{"line":246,"column":21},"end":{"line":246,"column":22}},"loc":{"start":{"line":246,"column":30},"end":{"line":250,"column":5}},"line":246},"23":{"name":"(anonymous_23)","decl":{"start":{"line":255,"column":24},"end":{"line":255,"column":25}},"loc":{"start":{"line":255,"column":48},"end":{"line":331,"column":1}},"line":255},"24":{"name":"(anonymous_24)","decl":{"start":{"line":261,"column":23},"end":{"line":261,"column":24}},"loc":{"start":{"line":261,"column":32},"end":{"line":323,"column":5}},"line":261},"25":{"name":"(anonymous_25)","decl":{"start":{"line":278,"column":45},"end":{"line":278,"column":46}},"loc":{"start":{"line":278,"column":60},"end":{"line":293,"column":21}},"line":278},"26":{"name":"(anonymous_26)","decl":{"start":{"line":301,"column":27},"end":{"line":301,"column":28}},"loc":{"start":{"line":301,"column":36},"end":{"line":320,"column":9}},"line":301},"27":{"name":"(anonymous_27)","decl":{"start":{"line":320,"column":17},"end":{"line":320,"column":18}},"loc":{"start":{"line":320,"column":33},"end":{"line":322,"column":9}},"line":320},"28":{"name":"(anonymous_28)","decl":{"start":{"line":323,"column":13},"end":{"line":323,"column":14}},"loc":{"start":{"line":323,"column":29},"end":{"line":325,"column":5}},"line":323},"29":{"name":"(anonymous_29)","decl":{"start":{"line":326,"column":21},"end":{"line":326,"column":22}},"loc":{"start":{"line":326,"column":30},"end":{"line":330,"column":5}},"line":326},"30":{"name":"(anonymous_30)","decl":{"start":{"line":335,"column":30},"end":{"line":335,"column":31}},"loc":{"start":{"line":335,"column":47},"end":{"line":389,"column":1}},"line":335},"31":{"name":"(anonymous_31)","decl":{"start":{"line":338,"column":27},"end":{"line":338,"column":28}},"loc":{"start":{"line":338,"column":44},"end":{"line":370,"column":9}},"line":338},"32":{"name":"(anonymous_32)","decl":{"start":{"line":340,"column":29},"end":{"line":340,"column":30}},"loc":{"start":{"line":340,"column":40},"end":{"line":368,"column":17}},"line":340},"33":{"name":"(anonymous_33)","decl":{"start":{"line":379,"column":80},"end":{"line":379,"column":81}},"loc":{"start":{"line":379,"column":85},"end":{"line":386,"column":9}},"line":379},"34":{"name":"(anonymous_34)","decl":{"start":{"line":382,"column":37},"end":{"line":382,"column":38}},"loc":{"start":{"line":382,"column":45},"end":{"line":382,"column":58}},"line":382},"35":{"name":"(anonymous_35)","decl":{"start":{"line":382,"column":66},"end":{"line":382,"column":67}},"loc":{"start":{"line":382,"column":75},"end":{"line":382,"column":114}},"line":382},"36":{"name":"(anonymous_36)","decl":{"start":{"line":391,"column":16},"end":{"line":391,"column":17}},"loc":{"start":{"line":391,"column":27},"end":{"line":409,"column":1}},"line":391},"37":{"name":"(anonymous_37)","decl":{"start":{"line":411,"column":16},"end":{"line":411,"column":17}},"loc":{"start":{"line":411,"column":22},"end":{"line":432,"column":1}},"line":411},"38":{"name":"(anonymous_38)","decl":{"start":{"line":434,"column":16},"end":{"line":434,"column":17}},"loc":{"start":{"line":434,"column":26},"end":{"line":487,"column":1}},"line":434},"39":{"name":"(anonymous_39)","decl":{"start":{"line":454,"column":27},"end":{"line":454,"column":28}},"loc":{"start":{"line":454,"column":44},"end":{"line":485,"column":9}},"line":454},"40":{"name":"(anonymous_40)","decl":{"start":{"line":456,"column":29},"end":{"line":456,"column":30}},"loc":{"start":{"line":456,"column":40},"end":{"line":483,"column":17}},"line":456},"41":{"name":"updateTotalCost","decl":{"start":{"line":489,"column":9},"end":{"line":489,"column":24}},"loc":{"start":{"line":489,"column":27},"end":{"line":501,"column":1}},"line":489},"42":{"name":"(anonymous_42)","decl":{"start":{"line":491,"column":23},"end":{"line":491,"column":24}},"loc":{"start":{"line":491,"column":40},"end":{"line":500,"column":5}},"line":491},"43":{"name":"(anonymous_43)","decl":{"start":{"line":493,"column":25},"end":{"line":493,"column":26}},"loc":{"start":{"line":493,"column":36},"end":{"line":497,"column":13}},"line":493},"44":{"name":"(anonymous_44)","decl":{"start":{"line":506,"column":29},"end":{"line":506,"column":30}},"loc":{"start":{"line":506,"column":46},"end":{"line":566,"column":1}},"line":506},"45":{"name":"(anonymous_45)","decl":{"start":{"line":509,"column":27},"end":{"line":509,"column":28}},"loc":{"start":{"line":509,"column":44},"end":{"line":543,"column":9}},"line":509},"46":{"name":"(anonymous_46)","decl":{"start":{"line":511,"column":29},"end":{"line":511,"column":30}},"loc":{"start":{"line":511,"column":40},"end":{"line":541,"column":17}},"line":511},"47":{"name":"(anonymous_47)","decl":{"start":{"line":556,"column":21},"end":{"line":556,"column":22}},"loc":{"start":{"line":556,"column":30},"end":{"line":565,"column":5}},"line":556},"48":{"name":"setCart","decl":{"start":{"line":573,"column":16},"end":{"line":573,"column":23}},"loc":{"start":{"line":573,"column":32},"end":{"line":575,"column":1}},"line":573},"49":{"name":"getCart","decl":{"start":{"line":577,"column":16},"end":{"line":577,"column":23}},"loc":{"start":{"line":577,"column":26},"end":{"line":579,"column":1}},"line":577},"50":{"name":"(anonymous_50)","decl":{"start":{"line":584,"column":27},"end":{"line":584,"column":28}},"loc":{"start":{"line":584,"column":38},"end":{"line":586,"column":9}},"line":584},"51":{"name":"addToCart","decl":{"start":{"line":590,"column":22},"end":{"line":590,"column":31}},"loc":{"start":{"line":590,"column":36},"end":{"line":602,"column":1}},"line":590},"52":{"name":"(anonymous_52)","decl":{"start":{"line":592,"column":17},"end":{"line":592,"column":18}},"loc":{"start":{"line":592,"column":28},"end":{"line":597,"column":5}},"line":592},"53":{"name":"plusQuantity","decl":{"start":{"line":604,"column":16},"end":{"line":604,"column":28}},"loc":{"start":{"line":604,"column":33},"end":{"line":612,"column":1}},"line":604},"54":{"name":"(anonymous_54)","decl":{"start":{"line":605,"column":17},"end":{"line":605,"column":18}},"loc":{"start":{"line":605,"column":28},"end":{"line":611,"column":5}},"line":605},"55":{"name":"minusQuantity","decl":{"start":{"line":614,"column":16},"end":{"line":614,"column":29}},"loc":{"start":{"line":614,"column":34},"end":{"line":627,"column":1}},"line":614},"56":{"name":"(anonymous_56)","decl":{"start":{"line":615,"column":17},"end":{"line":615,"column":18}},"loc":{"start":{"line":615,"column":28},"end":{"line":626,"column":5}},"line":615},"57":{"name":"deleteFromCart","decl":{"start":{"line":629,"column":16},"end":{"line":629,"column":30}},"loc":{"start":{"line":629,"column":35},"end":{"line":637,"column":1}},"line":629},"58":{"name":"(anonymous_58)","decl":{"start":{"line":631,"column":17},"end":{"line":631,"column":18}},"loc":{"start":{"line":631,"column":28},"end":{"line":635,"column":5}},"line":631}},"branchMap":{"0":{"loc":{"start":{"line":9,"column":8},"end":{"line":26,"column":9}},"type":"if","locations":[{"start":{"line":9,"column":8},"end":{"line":26,"column":9}},{"start":{"line":9,"column":8},"end":{"line":26,"column":9}}],"line":9},"1":{"loc":{"start":{"line":48,"column":12},"end":{"line":52,"column":13}},"type":"if","locations":[{"start":{"line":48,"column":12},"end":{"line":52,"column":13}},{"start":{"line":48,"column":12},"end":{"line":52,"column":13}}],"line":48},"2":{"loc":{"start":{"line":53,"column":12},"end":{"line":57,"column":13}},"type":"if","locations":[{"start":{"line":53,"column":12},"end":{"line":57,"column":13}},{"start":{"line":53,"column":12},"end":{"line":57,"column":13}}],"line":53},"3":{"loc":{"start":{"line":62,"column":8},"end":{"line":72,"column":9}},"type":"if","locations":[{"start":{"line":62,"column":8},"end":{"line":72,"column":9}},{"start":{"line":62,"column":8},"end":{"line":72,"column":9}}],"line":62},"4":{"loc":{"start":{"line":62,"column":11},"end":{"line":62,"column":53}},"type":"binary-expr","locations":[{"start":{"line":62,"column":11},"end":{"line":62,"column":30}},{"start":{"line":62,"column":34},"end":{"line":62,"column":53}}],"line":62},"5":{"loc":{"start":{"line":65,"column":13},"end":{"line":72,"column":9}},"type":"if","locations":[{"start":{"line":65,"column":13},"end":{"line":72,"column":9}},{"start":{"line":65,"column":13},"end":{"line":72,"column":9}}],"line":65},"6":{"loc":{"start":{"line":65,"column":16},"end":{"line":65,"column":73}},"type":"binary-expr","locations":[{"start":{"line":65,"column":16},"end":{"line":65,"column":49}},{"start":{"line":65,"column":53},"end":{"line":65,"column":73}}],"line":65},"7":{"loc":{"start":{"line":68,"column":13},"end":{"line":72,"column":9}},"type":"if","locations":[{"start":{"line":68,"column":13},"end":{"line":72,"column":9}},{"start":{"line":68,"column":13},"end":{"line":72,"column":9}}],"line":68},"8":{"loc":{"start":{"line":88,"column":8},"end":{"line":118,"column":9}},"type":"if","locations":[{"start":{"line":88,"column":8},"end":{"line":118,"column":9}},{"start":{"line":88,"column":8},"end":{"line":118,"column":9}}],"line":88},"9":{"loc":{"start":{"line":129,"column":8},"end":{"line":157,"column":9}},"type":"if","locations":[{"start":{"line":129,"column":8},"end":{"line":157,"column":9}},{"start":{"line":129,"column":8},"end":{"line":157,"column":9}}],"line":129},"10":{"loc":{"start":{"line":131,"column":16},"end":{"line":155,"column":17}},"type":"if","locations":[{"start":{"line":131,"column":16},"end":{"line":155,"column":17}},{"start":{"line":131,"column":16},"end":{"line":155,"column":17}}],"line":131},"11":{"loc":{"start":{"line":158,"column":8},"end":{"line":160,"column":9}},"type":"if","locations":[{"start":{"line":158,"column":8},"end":{"line":160,"column":9}},{"start":{"line":158,"column":8},"end":{"line":160,"column":9}}],"line":158},"12":{"loc":{"start":{"line":170,"column":8},"end":{"line":181,"column":9}},"type":"if","locations":[{"start":{"line":170,"column":8},"end":{"line":181,"column":9}},{"start":{"line":170,"column":8},"end":{"line":181,"column":9}}],"line":170},"13":{"loc":{"start":{"line":183,"column":12},"end":{"line":237,"column":13}},"type":"if","locations":[{"start":{"line":183,"column":12},"end":{"line":237,"column":13}},{"start":{"line":183,"column":12},"end":{"line":237,"column":13}}],"line":183},"14":{"loc":{"start":{"line":228,"column":28},"end":{"line":230,"column":29}},"type":"if","locations":[{"start":{"line":228,"column":28},"end":{"line":230,"column":29}},{"start":{"line":228,"column":28},"end":{"line":230,"column":29}}],"line":228},"15":{"loc":{"start":{"line":247,"column":8},"end":{"line":249,"column":9}},"type":"if","locations":[{"start":{"line":247,"column":8},"end":{"line":249,"column":9}},{"start":{"line":247,"column":8},"end":{"line":249,"column":9}}],"line":247},"16":{"loc":{"start":{"line":262,"column":8},"end":{"line":300,"column":9}},"type":"if","locations":[{"start":{"line":262,"column":8},"end":{"line":300,"column":9}},{"start":{"line":262,"column":8},"end":{"line":300,"column":9}}],"line":262},"17":{"loc":{"start":{"line":264,"column":16},"end":{"line":295,"column":17}},"type":"if","locations":[{"start":{"line":264,"column":16},"end":{"line":295,"column":17}},{"start":{"line":264,"column":16},"end":{"line":295,"column":17}}],"line":264},"18":{"loc":{"start":{"line":264,"column":20},"end":{"line":264,"column":79}},"type":"binary-expr","locations":[{"start":{"line":264,"column":20},"end":{"line":264,"column":43}},{"start":{"line":264,"column":47},"end":{"line":264,"column":79}}],"line":264},"19":{"loc":{"start":{"line":280,"column":28},"end":{"line":291,"column":29}},"type":"if","locations":[{"start":{"line":280,"column":28},"end":{"line":291,"column":29}},{"start":{"line":280,"column":28},"end":{"line":291,"column":29}}],"line":280},"20":{"loc":{"start":{"line":297,"column":12},"end":{"line":299,"column":13}},"type":"if","locations":[{"start":{"line":297,"column":12},"end":{"line":299,"column":13}},{"start":{"line":297,"column":12},"end":{"line":299,"column":13}}],"line":297},"21":{"loc":{"start":{"line":302,"column":12},"end":{"line":319,"column":13}},"type":"if","locations":[{"start":{"line":302,"column":12},"end":{"line":319,"column":13}},{"start":{"line":302,"column":12},"end":{"line":319,"column":13}}],"line":302},"22":{"loc":{"start":{"line":304,"column":20},"end":{"line":317,"column":21}},"type":"if","locations":[{"start":{"line":304,"column":20},"end":{"line":317,"column":21}},{"start":{"line":304,"column":20},"end":{"line":317,"column":21}}],"line":304},"23":{"loc":{"start":{"line":327,"column":8},"end":{"line":329,"column":9}},"type":"if","locations":[{"start":{"line":327,"column":8},"end":{"line":329,"column":9}},{"start":{"line":327,"column":8},"end":{"line":329,"column":9}}],"line":327},"24":{"loc":{"start":{"line":337,"column":4},"end":{"line":388,"column":5}},"type":"if","locations":[{"start":{"line":337,"column":4},"end":{"line":388,"column":5}},{"start":{"line":337,"column":4},"end":{"line":388,"column":5}}],"line":337},"25":{"loc":{"start":{"line":341,"column":20},"end":{"line":367,"column":21}},"type":"if","locations":[{"start":{"line":341,"column":20},"end":{"line":367,"column":21}},{"start":{"line":341,"column":20},"end":{"line":367,"column":21}}],"line":341},"26":{"loc":{"start":{"line":380,"column":12},"end":{"line":385,"column":13}},"type":"if","locations":[{"start":{"line":380,"column":12},"end":{"line":385,"column":13}},{"start":{"line":380,"column":12},"end":{"line":385,"column":13}}],"line":380},"27":{"loc":{"start":{"line":413,"column":4},"end":{"line":415,"column":5}},"type":"if","locations":[{"start":{"line":413,"column":4},"end":{"line":415,"column":5}},{"start":{"line":413,"column":4},"end":{"line":415,"column":5}}],"line":413},"28":{"loc":{"start":{"line":416,"column":4},"end":{"line":418,"column":5}},"type":"if","locations":[{"start":{"line":416,"column":4},"end":{"line":418,"column":5}},{"start":{"line":416,"column":4},"end":{"line":418,"column":5}}],"line":416},"29":{"loc":{"start":{"line":419,"column":4},"end":{"line":421,"column":5}},"type":"if","locations":[{"start":{"line":419,"column":4},"end":{"line":421,"column":5}},{"start":{"line":419,"column":4},"end":{"line":421,"column":5}}],"line":419},"30":{"loc":{"start":{"line":422,"column":4},"end":{"line":424,"column":5}},"type":"if","locations":[{"start":{"line":422,"column":4},"end":{"line":424,"column":5}},{"start":{"line":422,"column":4},"end":{"line":424,"column":5}}],"line":422},"31":{"loc":{"start":{"line":425,"column":4},"end":{"line":427,"column":5}},"type":"if","locations":[{"start":{"line":425,"column":4},"end":{"line":427,"column":5}},{"start":{"line":425,"column":4},"end":{"line":427,"column":5}}],"line":425},"32":{"loc":{"start":{"line":428,"column":4},"end":{"line":430,"column":5}},"type":"if","locations":[{"start":{"line":428,"column":4},"end":{"line":430,"column":5}},{"start":{"line":428,"column":4},"end":{"line":430,"column":5}}],"line":428},"33":{"loc":{"start":{"line":453,"column":4},"end":{"line":486,"column":5}},"type":"if","locations":[{"start":{"line":453,"column":4},"end":{"line":486,"column":5}},{"start":{"line":453,"column":4},"end":{"line":486,"column":5}}],"line":453},"34":{"loc":{"start":{"line":457,"column":20},"end":{"line":482,"column":21}},"type":"if","locations":[{"start":{"line":457,"column":20},"end":{"line":482,"column":21}},{"start":{"line":457,"column":20},"end":{"line":482,"column":21}}],"line":457},"35":{"loc":{"start":{"line":494,"column":16},"end":{"line":496,"column":17}},"type":"if","locations":[{"start":{"line":494,"column":16},"end":{"line":496,"column":17}},{"start":{"line":494,"column":16},"end":{"line":496,"column":17}}],"line":494},"36":{"loc":{"start":{"line":508,"column":4},"end":{"line":555,"column":5}},"type":"if","locations":[{"start":{"line":508,"column":4},"end":{"line":555,"column":5}},{"start":{"line":508,"column":4},"end":{"line":555,"column":5}}],"line":508},"37":{"loc":{"start":{"line":512,"column":20},"end":{"line":540,"column":21}},"type":"if","locations":[{"start":{"line":512,"column":20},"end":{"line":540,"column":21}},{"start":{"line":512,"column":20},"end":{"line":540,"column":21}}],"line":512},"38":{"loc":{"start":{"line":557,"column":8},"end":{"line":560,"column":9}},"type":"if","locations":[{"start":{"line":557,"column":8},"end":{"line":560,"column":9}},{"start":{"line":557,"column":8},"end":{"line":560,"column":9}}],"line":557},"39":{"loc":{"start":{"line":561,"column":8},"end":{"line":564,"column":9}},"type":"if","locations":[{"start":{"line":561,"column":8},"end":{"line":564,"column":9}},{"start":{"line":561,"column":8},"end":{"line":564,"column":9}}],"line":561},"40":{"loc":{"start":{"line":581,"column":0},"end":{"line":588,"column":1}},"type":"if","locations":[{"start":{"line":581,"column":0},"end":{"line":588,"column":1}},{"start":{"line":581,"column":0},"end":{"line":588,"column":1}}],"line":581},"41":{"loc":{"start":{"line":583,"column":4},"end":{"line":587,"column":5}},"type":"if","locations":[{"start":{"line":583,"column":4},"end":{"line":587,"column":5}},{"start":{"line":583,"column":4},"end":{"line":587,"column":5}}],"line":583},"42":{"loc":{"start":{"line":593,"column":8},"end":{"line":596,"column":9}},"type":"if","locations":[{"start":{"line":593,"column":8},"end":{"line":596,"column":9}},{"start":{"line":593,"column":8},"end":{"line":596,"column":9}}],"line":593},"43":{"loc":{"start":{"line":598,"column":4},"end":{"line":600,"column":5}},"type":"if","locations":[{"start":{"line":598,"column":4},"end":{"line":600,"column":5}},{"start":{"line":598,"column":4},"end":{"line":600,"column":5}}],"line":598},"44":{"loc":{"start":{"line":606,"column":8},"end":{"line":610,"column":9}},"type":"if","locations":[{"start":{"line":606,"column":8},"end":{"line":610,"column":9}},{"start":{"line":606,"column":8},"end":{"line":610,"column":9}}],"line":606},"45":{"loc":{"start":{"line":616,"column":8},"end":{"line":625,"column":9}},"type":"if","locations":[{"start":{"line":616,"column":8},"end":{"line":625,"column":9}},{"start":{"line":616,"column":8},"end":{"line":625,"column":9}}],"line":616},"46":{"loc":{"start":{"line":618,"column":12},"end":{"line":620,"column":13}},"type":"if","locations":[{"start":{"line":618,"column":12},"end":{"line":620,"column":13}},{"start":{"line":618,"column":12},"end":{"line":620,"column":13}}],"line":618},"47":{"loc":{"start":{"line":632,"column":8},"end":{"line":634,"column":9}},"type":"if","locations":[{"start":{"line":632,"column":8},"end":{"line":634,"column":9}},{"start":{"line":632,"column":8},"end":{"line":634,"column":9}}],"line":632}},"s":{"0":2,"1":2,"2":1,"3":0,"4":0,"5":0,"6":0,"7":0,"8":0,"9":2,"10":0,"11":0,"12":0,"13":0,"14":0,"15":0,"16":0,"17":0,"18":0,"19":0,"20":0,"21":0,"22":0,"23":0,"24":0,"25":0,"26":0,"27":0,"28":0,"29":0,"30":0,"31":0,"32":0,"33":0,"34":0,"35":0,"36":0,"37":0,"38":0,"39":0,"40":0,"41":0,"42":2,"43":0,"44":0,"45":0,"46":0,"47":0,"48":2,"49":0,"50":0,"51":0,"52":0,"53":0,"54":0,"55":0,"56":0,"57":0,"58":0,"59":0,"60":0,"61":2,"62":0,"63":0,"64":0,"65":0,"66":0,"67":0,"68":0,"69":0,"70":0,"71":0,"72":0,"73":0,"74":0,"75":0,"76":0,"77":0,"78":0,"79":0,"80":0,"81":0,"82":0,"83":0,"84":0,"85":2,"86":0,"87":0,"88":0,"89":0,"90":0,"91":0,"92":0,"93":0,"94":0,"95":0,"96":0,"97":0,"98":0,"99":0,"100":0,"101":0,"102":0,"103":0,"104":0,"105":0,"106":0,"107":0,"108":0,"109":0,"110":0,"111":0,"112":0,"113":0,"114":0,"115":0,"116":2,"117":0,"118":0,"119":0,"120":0,"121":0,"122":0,"123":0,"124":0,"125":0,"126":0,"127":0,"128":0,"129":0,"130":0,"131":0,"132":0,"133":0,"134":2,"135":0,"136":0,"137":0,"138":0,"139":0,"140":0,"141":0,"142":0,"143":2,"144":0,"145":0,"146":0,"147":0,"148":0,"149":0,"150":0,"151":0,"152":0,"153":0,"154":0,"155":0,"156":0,"157":0,"158":2,"159":0,"160":0,"161":0,"162":0,"163":0,"164":0,"165":0,"166":0,"167":0,"168":0,"169":0,"170":0,"171":0,"172":0,"173":0,"174":0,"175":2,"176":0,"177":0,"178":0,"179":0,"180":0,"181":0,"182":0,"183":0,"184":0,"185":0,"186":0,"187":0,"188":0,"189":0,"190":0,"191":0,"192":0,"193":2,"194":0,"195":2,"196":2,"197":2,"198":2,"199":0,"200":0,"201":2,"202":2,"203":1,"204":0,"205":0,"206":2,"207":2,"208":2,"209":0,"210":0,"211":0,"212":0,"213":0,"214":0,"215":0,"216":0,"217":0,"218":0,"219":0,"220":0,"221":0,"222":0,"223":0,"224":0,"225":0,"226":0,"227":0},"f":{"0":1,"1":0,"2":0,"3":0,"4":0,"5":0,"6":0,"7":0,"8":0,"9":0,"10":0,"11":0,"12":0,"13":0,"14":0,"15":0,"16":0,"17":0,"18":0,"19":0,"20":0,"21":0,"22":0,"23":0,"24":0,"25":0,"26":0,"27":0,"28":0,"29":0,"30":0,"31":0,"32":0,"33":0,"34":0,"35":0,"36":0,"37":0,"38":0,"39":0,"40":0,"41":0,"42":0,"43":0,"44":0,"45":0,"46":0,"47":0,"48":0,"49":2,"50":0,"51":2,"52":1,"53":0,"54":0,"55":0,"56":0,"57":0,"58":0},"b":{"0":[0,0],"1":[0,0],"2":[0,0],"3":[0,0],"4":[0,0],"5":[0,0],"6":[0,0],"7":[0,0],"8":[0,0],"9":[0,0],"10":[0,0],"11":[0,0],"12":[0,0],"13":[0,0],"14":[0,0],"15":[0,0],"16":[0,0],"17":[0,0],"18":[0,0],"19":[0,0],"20":[0,0],"21":[0,0],"22":[0,0],"23":[0,0],"24":[0,0],"25":[0,0],"26":[0,0],"27":[0,0],"28":[0,0],"29":[0,0],"30":[0,0],"31":[0,0],"32":[0,0],"33":[0,0],"34":[0,0],"35":[0,0],"36":[0,0],"37":[0,0],"38":[0,0],"39":[0,0],"40":[2,0],"41":[0,2],"42":[0,1],"43":[2,0],"44":[0,0],"45":[0,0],"46":[0,0],"47":[0,0]},"_coverageSchema":"1a1c01bbd47fc00a2c39e90264f33305004495a9","hash":"6cd9e7337b9eea5b15776635e832d75ec6577419"}
,"D:\\git repo\\task5\\js\\getJson.js": {"path":"D:\\git repo\\task5\\js\\getJson.js","statementMap":{"0":{"start":{"line":1,"column":14},"end":{"line":1,"column":35}},"1":{"start":{"line":2,"column":25},"end":{"line":2,"column":55}},"2":{"start":{"line":4,"column":13},"end":{"line":4,"column":70}},"3":{"start":{"line":5,"column":14},"end":{"line":5,"column":72}},"4":{"start":{"line":6,"column":14},"end":{"line":6,"column":72}},"5":{"start":{"line":7,"column":30},"end":{"line":7,"column":59}},"6":{"start":{"line":8,"column":29},"end":{"line":8,"column":57}},"7":{"start":{"line":9,"column":32},"end":{"line":9,"column":62}},"8":{"start":{"line":10,"column":29},"end":{"line":10,"column":56}},"9":{"start":{"line":11,"column":35},"end":{"line":11,"column":69}},"10":{"start":{"line":14,"column":4},"end":{"line":14,"column":54}},"11":{"start":{"line":14,"column":38},"end":{"line":14,"column":52}}},"fnMap":{"0":{"name":"getContent","decl":{"start":{"line":13,"column":22},"end":{"line":13,"column":32}},"loc":{"start":{"line":13,"column":38},"end":{"line":15,"column":1}},"line":13},"1":{"name":"(anonymous_1)","decl":{"start":{"line":14,"column":27},"end":{"line":14,"column":28}},"loc":{"start":{"line":14,"column":38},"end":{"line":14,"column":52}},"line":14}},"branchMap":{},"s":{"0":3,"1":3,"2":3,"3":3,"4":3,"5":3,"6":3,"7":3,"8":3,"9":3,"10":16,"11":4},"f":{"0":16,"1":4},"b":{},"_coverageSchema":"1a1c01bbd47fc00a2c39e90264f33305004495a9","hash":"22abc9030ee94da12e2c0f2cde45b5789658144e"}
,"D:\\git repo\\task5\\js\\sendOrder.js": {"path":"D:\\git repo\\task5\\js\\sendOrder.js","statementMap":{"0":{"start":{"line":1,"column":25},"end":{"line":1,"column":55}},"1":{"start":{"line":2,"column":14},"end":{"line":2,"column":35}},"2":{"start":{"line":5,"column":16},"end":{"line":5,"column":79}},"3":{"start":{"line":6,"column":18},"end":{"line":8,"column":5}},"4":{"start":{"line":9,"column":4},"end":{"line":15,"column":7}},"5":{"start":{"line":14,"column":8},"end":{"line":14,"column":31}}},"fnMap":{"0":{"name":"sendOrder","decl":{"start":{"line":4,"column":22},"end":{"line":4,"column":31}},"loc":{"start":{"line":4,"column":38},"end":{"line":16,"column":1}},"line":4},"1":{"name":"(anonymous_1)","decl":{"start":{"line":13,"column":12},"end":{"line":13,"column":13}},"loc":{"start":{"line":13,"column":24},"end":{"line":15,"column":5}},"line":13}},"branchMap":{},"s":{"0":3,"1":3,"2":1,"3":1,"4":1,"5":1},"f":{"0":1,"1":1},"b":{},"_coverageSchema":"1a1c01bbd47fc00a2c39e90264f33305004495a9","hash":"ea8eae66a9bcfa836a74f74d2c7de63f230ddebd"}
,"D:\\git repo\\task5\\js\\views\\AbstractView.js": {"path":"D:\\git repo\\task5\\js\\views\\AbstractView.js","statementMap":{"0":{"start":{"line":1,"column":25},"end":{"line":1,"column":55}},"1":{"start":{"line":5,"column":8},"end":{"line":5,"column":29}},"2":{"start":{"line":9,"column":8},"end":{"line":9,"column":31}},"3":{"start":{"line":13,"column":8},"end":{"line":13,"column":18}},"4":{"start":{"line":17,"column":8},"end":{"line":17,"column":15}}},"fnMap":{"0":{"name":"(anonymous_0)","decl":{"start":{"line":4,"column":4},"end":{"line":4,"column":5}},"loc":{"start":{"line":4,"column":24},"end":{"line":6,"column":5}},"line":4},"1":{"name":"(anonymous_1)","decl":{"start":{"line":8,"column":4},"end":{"line":8,"column":5}},"loc":{"start":{"line":8,"column":20},"end":{"line":10,"column":5}},"line":8},"2":{"name":"(anonymous_2)","decl":{"start":{"line":12,"column":4},"end":{"line":12,"column":5}},"loc":{"start":{"line":12,"column":20},"end":{"line":14,"column":5}},"line":12},"3":{"name":"(anonymous_3)","decl":{"start":{"line":16,"column":4},"end":{"line":16,"column":5}},"loc":{"start":{"line":16,"column":27},"end":{"line":18,"column":5}},"line":16}},"branchMap":{},"s":{"0":2,"1":2,"2":2,"3":1,"4":1},"f":{"0":2,"1":2,"2":1,"3":1},"b":{},"_coverageSchema":"1a1c01bbd47fc00a2c39e90264f33305004495a9","hash":"e6b1ec6b621dfe933a3b11c6593a3b2155e40746"}
,"D:\\git repo\\task5\\js\\views\\Home.js": {"path":"D:\\git repo\\task5\\js\\views\\Home.js","statementMap":{"0":{"start":{"line":4,"column":14},"end":{"line":4,"column":35}},"1":{"start":{"line":8,"column":8},"end":{"line":8,"column":22}},"2":{"start":{"line":9,"column":8},"end":{"line":9,"column":42}},"3":{"start":{"line":13,"column":23},"end":{"line":13,"column":59}},"4":{"start":{"line":14,"column":22},"end":{"line":14,"column":43}},"5":{"start":{"line":15,"column":8},"end":{"line":15,"column":23}},"6":{"start":{"line":19,"column":8},"end":{"line":19,"column":26}},"7":{"start":{"line":20,"column":8},"end":{"line":20,"column":19}}},"fnMap":{"0":{"name":"(anonymous_0)","decl":{"start":{"line":7,"column":4},"end":{"line":7,"column":5}},"loc":{"start":{"line":7,"column":24},"end":{"line":10,"column":5}},"line":7},"1":{"name":"(anonymous_1)","decl":{"start":{"line":12,"column":4},"end":{"line":12,"column":5}},"loc":{"start":{"line":12,"column":20},"end":{"line":16,"column":5}},"line":12},"2":{"name":"(anonymous_2)","decl":{"start":{"line":18,"column":4},"end":{"line":18,"column":5}},"loc":{"start":{"line":18,"column":27},"end":{"line":21,"column":5}},"line":18}},"branchMap":{},"s":{"0":1,"1":1,"2":1,"3":0,"4":0,"5":0,"6":0,"7":0},"f":{"0":1,"1":0,"2":0},"b":{},"_coverageSchema":"1a1c01bbd47fc00a2c39e90264f33305004495a9","hash":"90ec87c4fbc3f7179f56b3da35d74d7aa1ccd20d"}
}
