TN:
SF:js\additional.js
FN:7,(anonymous_0)
FN:8,(anonymous_1)
FN:27,(anonymous_2)
FN:33,(anonymous_3)
FN:39,(anonymous_4)
FN:46,changeSlide
FN:61,changePosition
FN:76,(anonymous_7)
FN:79,(anonymous_8)
FN:86,(anonymous_9)
FN:87,(anonymous_10)
FN:119,(anonymous_11)
FN:124,(anonymous_12)
FN:128,(anonymous_13)
FN:161,(anonymous_14)
FN:168,(anonymous_15)
FN:169,(anonymous_16)
FN:182,(anonymous_17)
FN:226,(anonymous_18)
FN:233,(anonymous_19)
FN:239,(anonymous_20)
FN:243,(anonymous_21)
FN:246,(anonymous_22)
FN:255,(anonymous_23)
FN:261,(anonymous_24)
FN:278,(anonymous_25)
FN:301,(anonymous_26)
FN:320,(anonymous_27)
FN:323,(anonymous_28)
FN:326,(anonymous_29)
FN:335,(anonymous_30)
FN:338,(anonymous_31)
FN:340,(anonymous_32)
FN:379,(anonymous_33)
FN:382,(anonymous_34)
FN:382,(anonymous_35)
FN:391,(anonymous_36)
FN:411,(anonymous_37)
FN:434,(anonymous_38)
FN:454,(anonymous_39)
FN:456,(anonymous_40)
FN:489,updateTotalCost
FN:491,(anonymous_42)
FN:493,(anonymous_43)
FN:506,(anonymous_44)
FN:509,(anonymous_45)
FN:511,(anonymous_46)
FN:556,(anonymous_47)
FN:573,setCart
FN:577,getCart
FN:584,(anonymous_50)
FN:590,addToCart
FN:592,(anonymous_52)
FN:604,plusQuantity
FN:605,(anonymous_54)
FN:614,minusQuantity
FN:615,(anonymous_56)
FN:629,deleteFromCart
FN:631,(anonymous_58)
FNF:59
FNH:4
FNDA:1,(anonymous_0)
FNDA:0,(anonymous_1)
FNDA:0,(anonymous_2)
FNDA:0,(anonymous_3)
FNDA:0,(anonymous_4)
FNDA:0,changeSlide
FNDA:0,changePosition
FNDA:0,(anonymous_7)
FNDA:0,(anonymous_8)
FNDA:0,(anonymous_9)
FNDA:0,(anonymous_10)
FNDA:0,(anonymous_11)
FNDA:0,(anonymous_12)
FNDA:0,(anonymous_13)
FNDA:0,(anonymous_14)
FNDA:0,(anonymous_15)
FNDA:0,(anonymous_16)
FNDA:0,(anonymous_17)
FNDA:0,(anonymous_18)
FNDA:0,(anonymous_19)
FNDA:0,(anonymous_20)
FNDA:0,(anonymous_21)
FNDA:0,(anonymous_22)
FNDA:0,(anonymous_23)
FNDA:0,(anonymous_24)
FNDA:0,(anonymous_25)
FNDA:0,(anonymous_26)
FNDA:0,(anonymous_27)
FNDA:0,(anonymous_28)
FNDA:0,(anonymous_29)
FNDA:0,(anonymous_30)
FNDA:0,(anonymous_31)
FNDA:0,(anonymous_32)
FNDA:0,(anonymous_33)
FNDA:0,(anonymous_34)
FNDA:0,(anonymous_35)
FNDA:0,(anonymous_36)
FNDA:0,(anonymous_37)
FNDA:0,(anonymous_38)
FNDA:0,(anonymous_39)
FNDA:0,(anonymous_40)
FNDA:0,updateTotalCost
FNDA:0,(anonymous_42)
FNDA:0,(anonymous_43)
FNDA:0,(anonymous_44)
FNDA:0,(anonymous_45)
FNDA:0,(anonymous_46)
FNDA:0,(anonymous_47)
FNDA:0,setCart
FNDA:2,getCart
FNDA:0,(anonymous_50)
FNDA:2,addToCart
FNDA:1,(anonymous_52)
FNDA:0,plusQuantity
FNDA:0,(anonymous_54)
FNDA:0,minusQuantity
FNDA:0,(anonymous_56)
FNDA:0,deleteFromCart
FNDA:0,(anonymous_58)
DA:1,2
DA:7,2
DA:8,1
DA:9,0
DA:10,0
DA:11,0
DA:21,0
DA:25,0
DA:28,0
DA:33,2
DA:34,0
DA:35,0
DA:36,0
DA:37,0
DA:38,0
DA:39,0
DA:40,0
DA:41,0
DA:44,0
DA:47,0
DA:48,0
DA:49,0
DA:50,0
DA:51,0
DA:53,0
DA:54,0
DA:55,0
DA:56,0
DA:62,0
DA:63,0
DA:65,0
DA:66,0
DA:68,0
DA:69,0
DA:71,0
DA:73,0
DA:76,0
DA:77,0
DA:79,0
DA:80,0
DA:86,2
DA:87,0
DA:88,0
DA:89,0
DA:90,0
DA:120,0
DA:124,2
DA:125,0
DA:126,0
DA:127,0
DA:128,0
DA:129,0
DA:130,0
DA:131,0
DA:132,0
DA:133,0
DA:158,0
DA:159,0
DA:162,0
DA:168,2
DA:169,0
DA:170,0
DA:171,0
DA:172,0
DA:182,0
DA:183,0
DA:184,0
DA:185,0
DA:186,0
DA:223,0
DA:224,0
DA:225,0
DA:226,0
DA:227,0
DA:228,0
DA:229,0
DA:232,0
DA:234,0
DA:240,0
DA:244,0
DA:246,0
DA:247,0
DA:248,0
DA:255,2
DA:256,0
DA:257,0
DA:258,0
DA:259,0
DA:261,0
DA:262,0
DA:263,0
DA:264,0
DA:265,0
DA:266,0
DA:269,0
DA:272,0
DA:277,0
DA:278,0
DA:279,0
DA:280,0
DA:281,0
DA:294,0
DA:297,0
DA:298,0
DA:301,0
DA:302,0
DA:303,0
DA:304,0
DA:305,0
DA:321,0
DA:324,0
DA:326,0
DA:327,0
DA:328,0
DA:335,2
DA:336,0
DA:337,0
DA:338,0
DA:339,0
DA:340,0
DA:341,0
DA:342,0
DA:343,0
DA:371,0
DA:379,0
DA:380,0
DA:381,0
DA:382,0
DA:384,0
DA:387,0
DA:391,2
DA:392,0
DA:393,0
DA:394,0
DA:395,0
DA:396,0
DA:397,0
DA:398,0
DA:399,0
DA:411,2
DA:412,0
DA:413,0
DA:414,0
DA:416,0
DA:417,0
DA:419,0
DA:420,0
DA:422,0
DA:423,0
DA:425,0
DA:426,0
DA:428,0
DA:429,0
DA:431,0
DA:434,2
DA:435,0
DA:452,0
DA:453,0
DA:454,0
DA:455,0
DA:456,0
DA:457,0
DA:458,0
DA:459,0
DA:490,0
DA:491,0
DA:492,0
DA:493,0
DA:494,0
DA:495,0
DA:499,0
DA:506,2
DA:507,0
DA:508,0
DA:509,0
DA:510,0
DA:511,0
DA:512,0
DA:513,0
DA:514,0
DA:544,0
DA:554,0
DA:556,0
DA:557,0
DA:558,0
DA:559,0
DA:561,0
DA:562,0
DA:563,0
DA:569,2
DA:574,0
DA:578,2
DA:581,2
DA:582,2
DA:583,2
DA:584,0
DA:585,0
DA:591,2
DA:592,2
DA:593,1
DA:594,0
DA:595,0
DA:598,2
DA:599,2
DA:601,2
DA:605,0
DA:606,0
DA:607,0
DA:608,0
DA:609,0
DA:615,0
DA:616,0
DA:617,0
DA:618,0
DA:619,0
DA:621,0
DA:622,0
DA:623,0
DA:624,0
DA:630,0
DA:631,0
DA:632,0
DA:633,0
DA:636,0
LF:224
LH:24
BRDA:9,0,0,0
BRDA:9,0,1,0
BRDA:48,1,0,0
BRDA:48,1,1,0
BRDA:53,2,0,0
BRDA:53,2,1,0
BRDA:62,3,0,0
BRDA:62,3,1,0
BRDA:62,4,0,0
BRDA:62,4,1,0
BRDA:65,5,0,0
BRDA:65,5,1,0
BRDA:65,6,0,0
BRDA:65,6,1,0
BRDA:68,7,0,0
BRDA:68,7,1,0
BRDA:88,8,0,0
BRDA:88,8,1,0
BRDA:129,9,0,0
BRDA:129,9,1,0
BRDA:131,10,0,0
BRDA:131,10,1,0
BRDA:158,11,0,0
BRDA:158,11,1,0
BRDA:170,12,0,0
BRDA:170,12,1,0
BRDA:183,13,0,0
BRDA:183,13,1,0
BRDA:228,14,0,0
BRDA:228,14,1,0
BRDA:247,15,0,0
BRDA:247,15,1,0
BRDA:262,16,0,0
BRDA:262,16,1,0
BRDA:264,17,0,0
BRDA:264,17,1,0
BRDA:264,18,0,0
BRDA:264,18,1,0
BRDA:280,19,0,0
BRDA:280,19,1,0
BRDA:297,20,0,0
BRDA:297,20,1,0
BRDA:302,21,0,0
BRDA:302,21,1,0
BRDA:304,22,0,0
BRDA:304,22,1,0
BRDA:327,23,0,0
BRDA:327,23,1,0
BRDA:337,24,0,0
BRDA:337,24,1,0
BRDA:341,25,0,0
BRDA:341,25,1,0
BRDA:380,26,0,0
BRDA:380,26,1,0
BRDA:413,27,0,0
BRDA:413,27,1,0
BRDA:416,28,0,0
BRDA:416,28,1,0
BRDA:419,29,0,0
BRDA:419,29,1,0
BRDA:422,30,0,0
BRDA:422,30,1,0
BRDA:425,31,0,0
BRDA:425,31,1,0
BRDA:428,32,0,0
BRDA:428,32,1,0
BRDA:453,33,0,0
BRDA:453,33,1,0
BRDA:457,34,0,0
BRDA:457,34,1,0
BRDA:494,35,0,0
BRDA:494,35,1,0
BRDA:508,36,0,0
BRDA:508,36,1,0
BRDA:512,37,0,0
BRDA:512,37,1,0
BRDA:557,38,0,0
BRDA:557,38,1,0
BRDA:561,39,0,0
BRDA:561,39,1,0
BRDA:581,40,0,2
BRDA:581,40,1,0
BRDA:583,41,0,0
BRDA:583,41,1,2
BRDA:593,42,0,0
BRDA:593,42,1,1
BRDA:598,43,0,2
BRDA:598,43,1,0
BRDA:606,44,0,0
BRDA:606,44,1,0
BRDA:616,45,0,0
BRDA:616,45,1,0
BRDA:618,46,0,0
BRDA:618,46,1,0
BRDA:632,47,0,0
BRDA:632,47,1,0
BRF:96
BRH:4
end_of_record
TN:
SF:js\getJson.js
FN:13,getContent
FN:14,(anonymous_1)
FNF:2
FNH:2
FNDA:16,getContent
FNDA:6,(anonymous_1)
DA:1,3
DA:2,3
DA:4,3
DA:5,3
DA:6,3
DA:7,3
DA:8,3
DA:9,3
DA:10,3
DA:11,3
DA:14,16
LF:11
LH:11
BRF:0
BRH:0
end_of_record
TN:
SF:js\sendOrder.js
FN:4,sendOrder
FN:13,(anonymous_1)
FNF:2
FNH:2
FNDA:1,sendOrder
FNDA:1,(anonymous_1)
DA:1,3
DA:2,3
DA:5,1
DA:6,1
DA:9,1
DA:14,1
LF:6
LH:6
BRF:0
BRH:0
end_of_record
TN:
SF:js\views\AbstractView.js
FN:4,(anonymous_0)
FN:8,(anonymous_1)
FN:12,(anonymous_2)
FN:16,(anonymous_3)
FNF:4
FNH:4
FNDA:1,(anonymous_0)
FNDA:1,(anonymous_1)
FNDA:1,(anonymous_2)
FNDA:1,(anonymous_3)
DA:1,1
DA:5,1
DA:9,1
DA:13,1
DA:17,1
LF:5
LH:5
BRF:0
BRH:0
end_of_record
